2025-12-07 16:17:46,163 - INFO - TITAN_TEST_SUITE - test_e2e_suite.<module> - --- TITAN DIAGNOSTIC TEST SUITE INITIALIZED ---
2025-12-07 16:17:46,585 - INFO - TITAN_TEST_SUITE - test_e2e_suite.setUp - 
--- TEST SETUP STARTING ---
2025-12-07 16:17:46,595 - INFO - titan.executor.worker_pool - worker_pool.start - WorkerPool started with 4 thread workers.
2025-12-07 16:17:46,595 - INFO - TITAN_TEST_SUITE - test_e2e_suite.setUp - --- TEST SETUP COMPLETE ---
2025-12-07 16:17:46,595 - INFO - TITAN_TEST_SUITE - test_e2e_suite.test_01_planning_phase_integrity_and_dsl_validity - --- test_01_planning_phase_integrity_and_dsl_validity ---
2025-12-07 16:17:46,620 - DEBUG - titan.planner.dsl.ir_compiler - ir_compiler._compile_block - Block end linked t906f0e5a -> ebe3928e7
2025-12-07 16:17:46,620 - INFO - titan.planner.dsl.ir_compiler - ir_compiler.compile - COMPILER: CFG created with 6 nodes.
2025-12-07 16:17:46,622 - INFO - TITAN_TEST_SUITE - test_e2e_suite._plan_and_compile - PLANNER: Compiled and validated CFG successfully. Nodes: 6
2025-12-07 16:17:46,622 - INFO - TITAN_TEST_SUITE - test_e2e_suite.test_01_planning_phase_integrity_and_dsl_validity - RESULT: PASS - Planning phase verified.
2025-12-07 16:17:46,622 - INFO - TITAN_TEST_SUITE - test_e2e_suite.tearDown - --- TEST TEARDOWN STARTING ---
2025-12-07 16:17:46,622 - INFO - titan.executor.worker_pool - worker_pool.stop - WorkerPool stopped.
2025-12-07 16:17:46,622 - INFO - TITAN_TEST_SUITE - test_e2e_suite.tearDown - Total events logged: 0
2025-12-07 16:17:46,622 - INFO - TITAN_TEST_SUITE - test_e2e_suite.tearDown - --- TEST TEARDOWN COMPLETE ---

2025-12-07 16:17:46,625 - INFO - TITAN_TEST_SUITE - test_e2e_suite.setUp - 
--- TEST SETUP STARTING ---
2025-12-07 16:17:46,625 - INFO - titan.executor.worker_pool - worker_pool.start - WorkerPool started with 4 thread workers.
2025-12-07 16:17:46,625 - INFO - TITAN_TEST_SUITE - test_e2e_suite.setUp - --- TEST SETUP COMPLETE ---
2025-12-07 16:17:46,625 - INFO - TITAN_TEST_SUITE - test_e2e_suite.test_02_full_e2e_execution_flow_and_ordering - 
--- Running test_02_full_e2e_execution_flow_and_ordering ---
2025-12-07 16:17:46,627 - DEBUG - titan.planner.dsl.ir_compiler - ir_compiler._compile_block - Block end linked t70b8cc61 -> e5d9f3969
2025-12-07 16:17:46,627 - INFO - titan.planner.dsl.ir_compiler - ir_compiler.compile - COMPILER: CFG created with 6 nodes.
2025-12-07 16:17:46,627 - INFO - TITAN_TEST_SUITE - test_e2e_suite._plan_and_compile - PLANNER: Compiled and validated CFG successfully. Nodes: 6
2025-12-07 16:17:46,630 - INFO - titan.executor.orchestrator - orchestrator.execute_plan - Orchestrator: executing plan
2025-12-07 16:17:46,630 - DEBUG - TITAN_TEST_SUITE - test_e2e_suite.event_collector - EVENT: PlanCreated - Plan: plan_1765104466
2025-12-07 16:17:46,630 - DEBUG - TITAN_TEST_SUITE - test_e2e_suite.event_collector - EVENT: NodeStarted - Plan: plan_1765104466
2025-12-07 16:17:46,632 - DEBUG - TITAN_TEST_SUITE - test_e2e_suite.event_collector - EVENT: NodeFinished - Plan: plan_1765104466
2025-12-07 16:17:46,632 - DEBUG - titan.executor.scheduler - scheduler._transition_to_successors - TRANSITION: Node s4b44d6c5 -> tcf82973d via label 'next'
2025-12-07 16:17:46,632 - DEBUG - TITAN_TEST_SUITE - test_e2e_suite.event_collector - EVENT: NodeStarted - Plan: plan_1765104466
2025-12-07 16:17:46,632 - DEBUG - TITAN_TEST_SUITE - test_e2e_suite.event_collector - EVENT: NodeFinished - Plan: plan_1765104466
2025-12-07 16:17:46,632 - DEBUG - titan.executor.scheduler - scheduler._transition_to_successors - TRANSITION: Node tcf82973d -> tc9a720ec via label 'next'
2025-12-07 16:17:46,634 - DEBUG - TITAN_TEST_SUITE - test_e2e_suite.event_collector - EVENT: NodeStarted - Plan: plan_1765104466
2025-12-07 16:17:46,634 - DEBUG - TITAN_TEST_SUITE - test_e2e_suite.event_collector - EVENT: NodeFinished - Plan: plan_1765104466
2025-12-07 16:17:46,634 - DEBUG - titan.executor.scheduler - scheduler._transition_to_successors - TRANSITION: Node tc9a720ec -> tdc60d57f via label 'next'
2025-12-07 16:17:46,634 - DEBUG - TITAN_TEST_SUITE - test_e2e_suite.event_collector - EVENT: NodeStarted - Plan: plan_1765104466
2025-12-07 16:17:46,634 - DEBUG - TITAN_TEST_SUITE - test_e2e_suite.event_collector - EVENT: NodeFinished - Plan: plan_1765104466
2025-12-07 16:17:46,634 - DEBUG - titan.executor.scheduler - scheduler._transition_to_successors - TRANSITION: Node tdc60d57f -> t70b8cc61 via label 'next'
2025-12-07 16:17:46,634 - DEBUG - TITAN_TEST_SUITE - test_e2e_suite.event_collector - EVENT: NodeStarted - Plan: plan_1765104466
2025-12-07 16:17:46,634 - DEBUG - TITAN_TEST_SUITE - test_e2e_suite.event_collector - EVENT: NodeFinished - Plan: plan_1765104466
2025-12-07 16:17:46,634 - DEBUG - titan.executor.scheduler - scheduler._transition_to_successors - TRANSITION: Node t70b8cc61 -> e5d9f3969 via label 'next'
2025-12-07 16:17:46,634 - DEBUG - TITAN_TEST_SUITE - test_e2e_suite.event_collector - EVENT: NodeStarted - Plan: plan_1765104466
2025-12-07 16:17:46,634 - DEBUG - TITAN_TEST_SUITE - test_e2e_suite.event_collector - EVENT: NodeFinished - Plan: plan_1765104466
2025-12-07 16:17:46,634 - DEBUG - TITAN_TEST_SUITE - test_e2e_suite.event_collector - EVENT: PlanCompleted - Plan: plan_1765104466
2025-12-07 16:17:46,634 - INFO - titan.executor.orchestrator - orchestrator.execute_plan - Plan completed successfully
2025-12-07 16:17:46,634 - INFO - TITAN_TEST_SUITE - test_e2e_suite.test_02_full_e2e_execution_flow_and_ordering - RESULT: PASS - Execution sequence verified.
2025-12-07 16:17:46,634 - INFO - TITAN_TEST_SUITE - test_e2e_suite.tearDown - --- TEST TEARDOWN STARTING ---
2025-12-07 16:17:46,634 - INFO - titan.executor.worker_pool - worker_pool.stop - WorkerPool stopped.
2025-12-07 16:17:46,634 - INFO - TITAN_TEST_SUITE - test_e2e_suite.tearDown - Total events logged: 14
2025-12-07 16:17:46,634 - INFO - TITAN_TEST_SUITE - test_e2e_suite.tearDown - --- TEST TEARDOWN COMPLETE ---

2025-12-07 16:17:46,642 - INFO - TITAN_TEST_SUITE - test_e2e_suite.setUp - 
--- TEST SETUP STARTING ---
2025-12-07 16:17:46,642 - INFO - titan.executor.worker_pool - worker_pool.start - WorkerPool started with 4 thread workers.
2025-12-07 16:17:46,642 - INFO - TITAN_TEST_SUITE - test_e2e_suite.setUp - --- TEST SETUP COMPLETE ---
2025-12-07 16:17:46,642 - INFO - TITAN_TEST_SUITE - test_e2e_suite.test_03_data_dependency_resolution_t3_to_t4 - 
--- Running test_03_data_dependency_resolution_t3_to_t4 ---
2025-12-07 16:17:46,642 - DEBUG - titan.planner.dsl.ir_compiler - ir_compiler._compile_block - Block end linked t9a7d51cd -> e89f88c73
2025-12-07 16:17:46,642 - INFO - titan.planner.dsl.ir_compiler - ir_compiler.compile - COMPILER: CFG created with 6 nodes.
2025-12-07 16:17:46,642 - INFO - TITAN_TEST_SUITE - test_e2e_suite._plan_and_compile - PLANNER: Compiled and validated CFG successfully. Nodes: 6
2025-12-07 16:17:46,642 - INFO - titan.executor.orchestrator - orchestrator.execute_plan - Orchestrator: executing plan
2025-12-07 16:17:46,642 - DEBUG - TITAN_TEST_SUITE - test_e2e_suite.event_collector - EVENT: PlanCreated - Plan: plan_1765104466
2025-12-07 16:17:46,642 - DEBUG - TITAN_TEST_SUITE - test_e2e_suite.event_collector - EVENT: NodeStarted - Plan: plan_1765104466
2025-12-07 16:17:46,642 - DEBUG - TITAN_TEST_SUITE - test_e2e_suite.event_collector - EVENT: NodeFinished - Plan: plan_1765104466
2025-12-07 16:17:46,642 - DEBUG - titan.executor.scheduler - scheduler._transition_to_successors - TRANSITION: Node sb3af1edc -> td5702c11 via label 'next'
2025-12-07 16:17:46,642 - DEBUG - TITAN_TEST_SUITE - test_e2e_suite.event_collector - EVENT: NodeStarted - Plan: plan_1765104466
2025-12-07 16:17:46,650 - DEBUG - TITAN_TEST_SUITE - test_e2e_suite.event_collector - EVENT: NodeFinished - Plan: plan_1765104466
2025-12-07 16:17:46,650 - DEBUG - titan.executor.scheduler - scheduler._transition_to_successors - TRANSITION: Node td5702c11 -> tf9eed8a2 via label 'next'
2025-12-07 16:17:46,650 - DEBUG - TITAN_TEST_SUITE - test_e2e_suite.event_collector - EVENT: NodeStarted - Plan: plan_1765104466
2025-12-07 16:17:46,650 - DEBUG - TITAN_TEST_SUITE - test_e2e_suite.event_collector - EVENT: NodeFinished - Plan: plan_1765104466
2025-12-07 16:17:46,650 - DEBUG - titan.executor.scheduler - scheduler._transition_to_successors - TRANSITION: Node tf9eed8a2 -> t13a7dcb9 via label 'next'
2025-12-07 16:17:46,650 - DEBUG - TITAN_TEST_SUITE - test_e2e_suite.event_collector - EVENT: NodeStarted - Plan: plan_1765104466
2025-12-07 16:17:46,653 - DEBUG - TITAN_TEST_SUITE - test_e2e_suite.event_collector - EVENT: NodeFinished - Plan: plan_1765104466
2025-12-07 16:17:46,653 - DEBUG - titan.executor.scheduler - scheduler._transition_to_successors - TRANSITION: Node t13a7dcb9 -> t9a7d51cd via label 'next'
2025-12-07 16:17:46,653 - DEBUG - TITAN_TEST_SUITE - test_e2e_suite.event_collector - EVENT: NodeStarted - Plan: plan_1765104466
2025-12-07 16:17:46,653 - DEBUG - TITAN_TEST_SUITE - test_e2e_suite.event_collector - EVENT: NodeFinished - Plan: plan_1765104466
2025-12-07 16:17:46,653 - DEBUG - titan.executor.scheduler - scheduler._transition_to_successors - TRANSITION: Node t9a7d51cd -> e89f88c73 via label 'next'
2025-12-07 16:17:46,653 - DEBUG - TITAN_TEST_SUITE - test_e2e_suite.event_collector - EVENT: NodeStarted - Plan: plan_1765104466
2025-12-07 16:17:46,653 - DEBUG - TITAN_TEST_SUITE - test_e2e_suite.event_collector - EVENT: NodeFinished - Plan: plan_1765104466
2025-12-07 16:17:46,653 - DEBUG - TITAN_TEST_SUITE - test_e2e_suite.event_collector - EVENT: PlanCompleted - Plan: plan_1765104466
2025-12-07 16:17:46,653 - INFO - titan.executor.orchestrator - orchestrator.execute_plan - Plan completed successfully
2025-12-07 16:17:46,696 - INFO - TITAN_TEST_SUITE - test_e2e_suite.test_03_data_dependency_resolution_t3_to_t4 - RESULT: PASS - Data dependency resolution verified.
2025-12-07 16:17:46,698 - INFO - TITAN_TEST_SUITE - test_e2e_suite.tearDown - --- TEST TEARDOWN STARTING ---
2025-12-07 16:17:46,712 - INFO - titan.executor.worker_pool - worker_pool.stop - WorkerPool stopped.
2025-12-07 16:17:46,712 - INFO - TITAN_TEST_SUITE - test_e2e_suite.tearDown - Total events logged: 14
2025-12-07 16:17:46,712 - INFO - TITAN_TEST_SUITE - test_e2e_suite.tearDown - --- TEST TEARDOWN COMPLETE ---

2025-12-07 16:17:46,712 - INFO - TITAN_TEST_SUITE - test_e2e_suite.setUp - 
--- TEST SETUP STARTING ---
2025-12-07 16:17:46,712 - INFO - titan.executor.worker_pool - worker_pool.start - WorkerPool started with 4 thread workers.
2025-12-07 16:17:46,714 - INFO - TITAN_TEST_SUITE - test_e2e_suite.setUp - --- TEST SETUP COMPLETE ---
2025-12-07 16:17:46,714 - INFO - TITAN_TEST_SUITE - test_e2e_suite.test_04_runtime_safety_and_policy_denial - --- test_04_runtime_safety_and_policy_denial ---
2025-12-07 16:17:46,714 - DEBUG - titan.planner.dsl.ir_compiler - ir_compiler._compile_block - Block end linked t356fa085 -> e90b8bee9
2025-12-07 16:17:46,714 - INFO - titan.planner.dsl.ir_compiler - ir_compiler.compile - COMPILER: CFG created with 6 nodes.
2025-12-07 16:17:46,714 - INFO - TITAN_TEST_SUITE - test_e2e_suite._plan_and_compile - PLANNER: Compiled and validated CFG successfully. Nodes: 6
2025-12-07 16:17:46,714 - INFO - titan.executor.orchestrator - orchestrator.execute_plan - Orchestrator: executing plan
2025-12-07 16:17:46,714 - DEBUG - TITAN_TEST_SUITE - test_e2e_suite.event_collector - EVENT: PlanCreated - Plan: plan_1765104466
2025-12-07 16:17:46,714 - DEBUG - TITAN_TEST_SUITE - test_e2e_suite.event_collector - EVENT: NodeStarted - Plan: plan_1765104466
2025-12-07 16:17:46,714 - DEBUG - TITAN_TEST_SUITE - test_e2e_suite.event_collector - EVENT: NodeFinished - Plan: plan_1765104466
2025-12-07 16:17:46,714 - DEBUG - titan.executor.scheduler - scheduler._transition_to_successors - TRANSITION: Node s4cf8f6b4 -> t5ccaf21f via label 'next'
2025-12-07 16:17:46,714 - DEBUG - TITAN_TEST_SUITE - test_e2e_suite.event_collector - EVENT: NodeStarted - Plan: plan_1765104466
2025-12-07 16:17:46,714 - DEBUG - TITAN_TEST_SUITE - test_e2e_suite.event_collector - EVENT: NodeFinished - Plan: plan_1765104466
2025-12-07 16:17:46,714 - DEBUG - titan.executor.scheduler - scheduler._transition_to_successors - TRANSITION: Node t5ccaf21f -> tdf098236 via label 'next'
2025-12-07 16:17:46,714 - DEBUG - TITAN_TEST_SUITE - test_e2e_suite.event_collector - EVENT: NodeStarted - Plan: plan_1765104466
2025-12-07 16:17:46,714 - DEBUG - TITAN_TEST_SUITE - test_e2e_suite.event_collector - EVENT: NodeFinished - Plan: plan_1765104466
2025-12-07 16:17:46,714 - DEBUG - titan.executor.scheduler - scheduler._transition_to_successors - TRANSITION: Node tdf098236 -> tb8bbee09 via label 'next'
2025-12-07 16:17:46,714 - DEBUG - TITAN_TEST_SUITE - test_e2e_suite.event_collector - EVENT: NodeStarted - Plan: plan_1765104466
2025-12-07 16:17:46,714 - DEBUG - TITAN_TEST_SUITE - test_e2e_suite.event_collector - EVENT: ErrorOccurred - Plan: plan_1765104466
2025-12-07 16:17:46,714 - DEBUG - TITAN_TEST_SUITE - test_e2e_suite.event_collector - EVENT: ErrorOccurred - Plan: plan_1765104466
2025-12-07 16:17:46,714 - WARNING - titan.executor.orchestrator - orchestrator.execute_plan - Plan failed
2025-12-07 16:17:46,714 - INFO - TITAN_TEST_SUITE - test_e2e_suite.test_04_runtime_safety_and_policy_denial - RESULT: PASS - Policy denial verified.
2025-12-07 16:17:46,714 - INFO - TITAN_TEST_SUITE - test_e2e_suite.tearDown - --- TEST TEARDOWN STARTING ---
2025-12-07 16:17:46,714 - INFO - titan.executor.worker_pool - worker_pool.stop - WorkerPool stopped.
2025-12-07 16:17:46,714 - INFO - TITAN_TEST_SUITE - test_e2e_suite.tearDown - Total events logged: 10
2025-12-07 16:17:46,714 - INFO - TITAN_TEST_SUITE - test_e2e_suite.tearDown - --- TEST TEARDOWN COMPLETE ---

2025-12-07 16:17:46,735 - INFO - TITAN_TEST_SUITE - test_e2e_suite.setUp - 
--- TEST SETUP STARTING ---
2025-12-07 16:17:46,735 - INFO - titan.executor.worker_pool - worker_pool.start - WorkerPool started with 4 thread workers.
2025-12-07 16:17:46,735 - INFO - TITAN_TEST_SUITE - test_e2e_suite.setUp - --- TEST SETUP COMPLETE ---
2025-12-07 16:17:46,735 - INFO - TITAN_TEST_SUITE - test_e2e_suite.test_05_compilation_failure_on_invalid_dsl - --- test_05_compilation_failure_on_invalid_dsl ---
2025-12-07 16:17:46,735 - ERROR - TITAN_TEST_SUITE - test_e2e_suite._plan_and_compile - FATAL PARSING FAILURE: No terminal matches '"' in the current parser context, at line 1 col 33

t1 = task(name="fail_task", arg="unclosed quote
                                ^
Expected one of: 
	* LPAR
	* ESCAPED_STRING
	* NAME
	* _NEWLINE
	* NUMBER

Previous tokens: Token('EQ', '=')

2025-12-07 16:17:46,735 - INFO - TITAN_TEST_SUITE - test_e2e_suite.test_05_compilation_failure_on_invalid_dsl - RESULT: PASS - Compilation failure verified.
2025-12-07 16:17:46,735 - INFO - TITAN_TEST_SUITE - test_e2e_suite.tearDown - --- TEST TEARDOWN STARTING ---
2025-12-07 16:17:46,735 - INFO - titan.executor.worker_pool - worker_pool.stop - WorkerPool stopped.
2025-12-07 16:17:46,735 - INFO - TITAN_TEST_SUITE - test_e2e_suite.tearDown - Total events logged: 0
2025-12-07 16:17:46,739 - INFO - TITAN_TEST_SUITE - test_e2e_suite.tearDown - --- TEST TEARDOWN COMPLETE ---

2025-12-07 16:17:46,739 - INFO - TITAN_TEST_SUITE - test_e2e_suite.setUp - 
--- TEST SETUP STARTING ---
2025-12-07 16:17:46,739 - INFO - titan.executor.worker_pool - worker_pool.start - WorkerPool started with 4 thread workers.
2025-12-07 16:17:46,739 - INFO - TITAN_TEST_SUITE - test_e2e_suite.setUp - --- TEST SETUP COMPLETE ---
2025-12-07 16:17:46,739 - INFO - TITAN_TEST_SUITE - test_e2e_suite.test_06_observability_provenance_event_integrity - --- test_06_observability_provenance_event_integrity ---
2025-12-07 16:17:46,739 - DEBUG - titan.planner.dsl.ir_compiler - ir_compiler._compile_block - Block end linked t6015eab2 -> ecaa8d431
2025-12-07 16:17:46,739 - INFO - titan.planner.dsl.ir_compiler - ir_compiler.compile - COMPILER: CFG created with 6 nodes.
2025-12-07 16:17:46,739 - INFO - TITAN_TEST_SUITE - test_e2e_suite._plan_and_compile - PLANNER: Compiled and validated CFG successfully. Nodes: 6
2025-12-07 16:17:46,739 - INFO - titan.executor.orchestrator - orchestrator.execute_plan - Orchestrator: executing plan
2025-12-07 16:17:46,739 - DEBUG - TITAN_TEST_SUITE - test_e2e_suite.event_collector - EVENT: PlanCreated - Plan: plan_1765104466
2025-12-07 16:17:46,739 - DEBUG - TITAN_TEST_SUITE - test_e2e_suite.event_collector - EVENT: NodeStarted - Plan: plan_1765104466
2025-12-07 16:17:46,739 - DEBUG - TITAN_TEST_SUITE - test_e2e_suite.event_collector - EVENT: NodeFinished - Plan: plan_1765104466
2025-12-07 16:17:46,739 - DEBUG - titan.executor.scheduler - scheduler._transition_to_successors - TRANSITION: Node s76404ee1 -> t24a1bc05 via label 'next'
2025-12-07 16:17:46,739 - DEBUG - TITAN_TEST_SUITE - test_e2e_suite.event_collector - EVENT: NodeStarted - Plan: plan_1765104466
2025-12-07 16:17:46,739 - DEBUG - TITAN_TEST_SUITE - test_e2e_suite.event_collector - EVENT: NodeFinished - Plan: plan_1765104466
2025-12-07 16:17:46,739 - DEBUG - titan.executor.scheduler - scheduler._transition_to_successors - TRANSITION: Node t24a1bc05 -> ta52901c9 via label 'next'
2025-12-07 16:17:46,739 - DEBUG - TITAN_TEST_SUITE - test_e2e_suite.event_collector - EVENT: NodeStarted - Plan: plan_1765104466
2025-12-07 16:17:46,739 - DEBUG - TITAN_TEST_SUITE - test_e2e_suite.event_collector - EVENT: NodeFinished - Plan: plan_1765104466
2025-12-07 16:17:46,739 - DEBUG - titan.executor.scheduler - scheduler._transition_to_successors - TRANSITION: Node ta52901c9 -> tfdbb9561 via label 'next'
2025-12-07 16:17:46,739 - DEBUG - TITAN_TEST_SUITE - test_e2e_suite.event_collector - EVENT: NodeStarted - Plan: plan_1765104466
2025-12-07 16:17:46,739 - DEBUG - TITAN_TEST_SUITE - test_e2e_suite.event_collector - EVENT: NodeFinished - Plan: plan_1765104466
2025-12-07 16:17:46,739 - DEBUG - titan.executor.scheduler - scheduler._transition_to_successors - TRANSITION: Node tfdbb9561 -> t6015eab2 via label 'next'
2025-12-07 16:17:46,739 - DEBUG - TITAN_TEST_SUITE - test_e2e_suite.event_collector - EVENT: NodeStarted - Plan: plan_1765104466
2025-12-07 16:17:46,747 - DEBUG - TITAN_TEST_SUITE - test_e2e_suite.event_collector - EVENT: NodeFinished - Plan: plan_1765104466
2025-12-07 16:17:46,747 - DEBUG - titan.executor.scheduler - scheduler._transition_to_successors - TRANSITION: Node t6015eab2 -> ecaa8d431 via label 'next'
2025-12-07 16:17:46,747 - DEBUG - TITAN_TEST_SUITE - test_e2e_suite.event_collector - EVENT: NodeStarted - Plan: plan_1765104466
2025-12-07 16:17:46,747 - DEBUG - TITAN_TEST_SUITE - test_e2e_suite.event_collector - EVENT: NodeFinished - Plan: plan_1765104466
2025-12-07 16:17:46,747 - DEBUG - TITAN_TEST_SUITE - test_e2e_suite.event_collector - EVENT: PlanCompleted - Plan: plan_1765104466
2025-12-07 16:17:46,747 - INFO - titan.executor.orchestrator - orchestrator.execute_plan - Plan completed successfully
2025-12-07 16:17:46,747 - INFO - TITAN_TEST_SUITE - test_e2e_suite.test_06_observability_provenance_event_integrity - RESULT: PASS - Provenance verified.
2025-12-07 16:17:46,747 - INFO - TITAN_TEST_SUITE - test_e2e_suite.tearDown - --- TEST TEARDOWN STARTING ---
2025-12-07 16:17:46,747 - INFO - titan.executor.worker_pool - worker_pool.stop - WorkerPool stopped.
2025-12-07 16:17:46,747 - INFO - TITAN_TEST_SUITE - test_e2e_suite.tearDown - Total events logged: 14
2025-12-07 16:17:46,747 - INFO - TITAN_TEST_SUITE - test_e2e_suite.tearDown - --- TEST TEARDOWN COMPLETE ---

2025-12-07 16:17:46,747 - INFO - TITAN_TEST_SUITE - test_e2e_suite.setUp - 
--- TEST SETUP STARTING ---
2025-12-07 16:17:46,747 - INFO - titan.executor.worker_pool - worker_pool.start - WorkerPool started with 4 thread workers.
2025-12-07 16:17:46,747 - INFO - TITAN_TEST_SUITE - test_e2e_suite.setUp - --- TEST SETUP COMPLETE ---
2025-12-07 16:17:46,747 - INFO - TITAN_TEST_SUITE - test_e2e_suite.test_07_conditional_branching_execution - --- test_07_conditional_branching_execution ---
2025-12-07 16:17:46,747 - INFO - titan.executor.orchestrator - orchestrator.execute_plan - Orchestrator: executing plan
2025-12-07 16:17:46,747 - DEBUG - TITAN_TEST_SUITE - test_e2e_suite.event_collector - EVENT: PlanCreated - Plan: plan_cond
2025-12-07 16:17:46,747 - DEBUG - TITAN_TEST_SUITE - test_e2e_suite.event_collector - EVENT: NodeStarted - Plan: plan_cond
2025-12-07 16:17:46,747 - DEBUG - TITAN_TEST_SUITE - test_e2e_suite.event_collector - EVENT: NodeFinished - Plan: plan_cond
2025-12-07 16:17:46,747 - DEBUG - titan.executor.scheduler - scheduler._transition_to_successors - TRANSITION: Node s -> n1 via label 'next'
2025-12-07 16:17:46,747 - DEBUG - TITAN_TEST_SUITE - test_e2e_suite.event_collector - EVENT: NodeStarted - Plan: plan_cond
2025-12-07 16:17:46,747 - DEBUG - TITAN_TEST_SUITE - test_e2e_suite.event_collector - EVENT: NodeFinished - Plan: plan_cond
2025-12-07 16:17:46,747 - DEBUG - titan.executor.scheduler - scheduler._transition_to_successors - TRANSITION: Node n1 -> d1 via label 'next'
2025-12-07 16:17:46,747 - DEBUG - TITAN_TEST_SUITE - test_e2e_suite.event_collector - EVENT: NodeStarted - Plan: plan_cond
2025-12-07 16:17:46,747 - DEBUG - TITAN_TEST_SUITE - test_e2e_suite.event_collector - EVENT: DecisionTaken - Plan: plan_cond
2025-12-07 16:17:46,747 - DEBUG - titan.executor.scheduler - scheduler._transition_to_successors - TRANSITION: Node d1 -> n2 via label 'true'
2025-12-07 16:17:46,747 - DEBUG - TITAN_TEST_SUITE - test_e2e_suite.event_collector - EVENT: NodeFinished - Plan: plan_cond
2025-12-07 16:17:46,747 - DEBUG - TITAN_TEST_SUITE - test_e2e_suite.event_collector - EVENT: NodeStarted - Plan: plan_cond
2025-12-07 16:17:46,747 - DEBUG - TITAN_TEST_SUITE - test_e2e_suite.event_collector - EVENT: NodeFinished - Plan: plan_cond
2025-12-07 16:17:46,747 - DEBUG - titan.executor.scheduler - scheduler._transition_to_successors - TRANSITION: Node n2 -> e via label 'next'
2025-12-07 16:17:46,756 - DEBUG - TITAN_TEST_SUITE - test_e2e_suite.event_collector - EVENT: NodeStarted - Plan: plan_cond
2025-12-07 16:17:46,756 - DEBUG - TITAN_TEST_SUITE - test_e2e_suite.event_collector - EVENT: NodeFinished - Plan: plan_cond
2025-12-07 16:17:46,756 - DEBUG - TITAN_TEST_SUITE - test_e2e_suite.event_collector - EVENT: PlanCompleted - Plan: plan_cond
2025-12-07 16:17:46,756 - INFO - titan.executor.orchestrator - orchestrator.execute_plan - Plan completed successfully
2025-12-07 16:17:46,756 - INFO - TITAN_TEST_SUITE - test_e2e_suite.test_07_conditional_branching_execution - RESULT: PASS - Conditional branching verified.
2025-12-07 16:17:46,756 - INFO - TITAN_TEST_SUITE - test_e2e_suite.tearDown - --- TEST TEARDOWN STARTING ---
2025-12-07 16:17:46,756 - INFO - titan.executor.worker_pool - worker_pool.stop - WorkerPool stopped.
2025-12-07 16:17:46,756 - INFO - TITAN_TEST_SUITE - test_e2e_suite.tearDown - Total events logged: 13
2025-12-07 16:17:46,756 - INFO - TITAN_TEST_SUITE - test_e2e_suite.tearDown - --- TEST TEARDOWN COMPLETE ---

2025-12-07 16:17:46,756 - INFO - TITAN_TEST_SUITE - test_e2e_suite.setUp - 
--- TEST SETUP STARTING ---
2025-12-07 16:17:46,756 - INFO - titan.executor.worker_pool - worker_pool.start - WorkerPool started with 4 thread workers.
2025-12-07 16:17:46,756 - INFO - TITAN_TEST_SUITE - test_e2e_suite.setUp - --- TEST SETUP COMPLETE ---
2025-12-07 16:17:46,756 - INFO - TITAN_TEST_SUITE - test_e2e_suite.test_08_resource_lifecycle_integrity - --- test_08_resource_lifecycle_integrity ---
2025-12-07 16:17:46,756 - INFO - titan.executor.worker_pool - worker_pool.stop - WorkerPool stopped.
2025-12-07 16:17:46,756 - INFO - titan.executor.worker_pool - worker_pool.start - WorkerPool started with 4 thread workers.
2025-12-07 16:17:46,756 - INFO - TITAN_TEST_SUITE - test_e2e_suite.test_08_resource_lifecycle_integrity - RESULT: PASS - Resource lifecycle verified.
2025-12-07 16:17:46,756 - INFO - TITAN_TEST_SUITE - test_e2e_suite.tearDown - --- TEST TEARDOWN STARTING ---
2025-12-07 16:17:46,756 - INFO - titan.executor.worker_pool - worker_pool.stop - WorkerPool stopped.
2025-12-07 16:17:46,756 - INFO - TITAN_TEST_SUITE - test_e2e_suite.tearDown - Total events logged: 0
2025-12-07 16:17:46,756 - INFO - TITAN_TEST_SUITE - test_e2e_suite.tearDown - --- TEST TEARDOWN COMPLETE ---

